<?xml version="1.0" encoding="UTF-8"?>
<testsuite name="RectangleTest" tests="4" skipped="0" failures="0" errors="0" timestamp="2017-06-28T22:48:12" hostname="epicodus-59.local" time="0.002">
  <properties/>
  <testcase name="newRectangle_isSquare_false" classname="RectangleTest" time="0.001"/>
  <testcase name="newRectangle_instantiatesCorrectly" classname="RectangleTest" time="0.0"/>
  <testcase name="newRectangle_saveLength_2" classname="RectangleTest" time="0.0"/>
  <testcase name="newRectangle_saveWidth_4" classname="RectangleTest" time="0.0"/>
  <system-out><![CDATA[]]></system-out>
  <system-err><![CDATA[]]></system-err>
</testsuite>
